[0.000000] (-) TimerEvent: {}
[0.000361] (unified_vision_system) JobQueued: {'identifier': 'unified_vision_system', 'dependencies': OrderedDict()}
[0.000422] (unified_vision_system) JobStarted: {'identifier': 'unified_vision_system'}
[0.013887] (unified_vision_system) JobProgress: {'identifier': 'unified_vision_system', 'progress': 'cmake'}
[0.019019] (unified_vision_system) Command: {'cmd': ['/opt/miniconda3/envs/ur5e_vlm_environment/bin/cmake', '/home/ur5e_user/workspace/vision', '-DCMAKE_INSTALL_PREFIX=/home/ur5e_user/workspace/install/unified_vision_system'], 'cwd': '/home/ur5e_user/workspace/build/unified_vision_system', 'env': OrderedDict([('LESSOPEN', '| /usr/bin/lesspipe %s'), ('LIBRARY_PATH', '/usr/local/cuda/lib64/stubs'), ('MINICONDA_VERSION', 'py311_23.11.0-2'), ('NV_LIBCUBLAS_VERSION', '12.1.0.26-1'), ('NV_NVPROF_DEV_PACKAGE', 'cuda-nvprof-12-1=12.1.55-1'), ('CONDA_PROMPT_MODIFIER', '(ur5e_vlm_environment)'), ('NV_CUDA_COMPAT_PACKAGE', 'cuda-compat-12-1'), ('NV_CUDA_NSIGHT_COMPUTE_VERSION', '12.1.0-1'), ('CONDA_MKL_INTERFACE_LAYER_BACKUP', ''), ('CXXFLAGS', '-fvisibility-inlines-hidden -fmessage-length=0 -march=nocona -mtune=haswell -ftree-vectorize -fPIC -fstack-protector-strong -fno-plt -O2 -ffunction-sections -pipe -isystem /opt/miniconda3/envs/ur5e_vlm_environment/include'), ('GCC_RANLIB', '/opt/miniconda3/envs/ur5e_vlm_environment/bin/x86_64-conda-linux-gnu-gcc-ranlib'), ('HOSTNAME', 'ishaan-Victus-by-HP-Gaming-Laptop-16-s1xxx'), ('OBJCOPY', '/opt/miniconda3/envs/ur5e_vlm_environment/bin/x86_64-conda-linux-gnu-objcopy'), ('DEBUG_CXXFLAGS', '-fvisibility-inlines-hidden -fmessage-length=0 -march=nocona -mtune=haswell -ftree-vectorize -fPIC -fstack-protector-all -fno-plt -Og -g -Wall -Wextra -fvar-tracking-assignments -ffunction-sections -pipe -isystem /opt/miniconda3/envs/ur5e_vlm_environment/include'), ('NVIDIA_CUDA_END_OF_LIFE', '1'), ('SIZE', '/opt/miniconda3/envs/ur5e_vlm_environment/bin/x86_64-conda-linux-gnu-size'), ('SHLVL', '1'), ('LD_LIBRARY_PATH', '/usr/lib/x86_64-linux-gnu/gazebo-11/plugins:/opt/ros/humble/opt/rviz_ogre_vendor/lib:/opt/ros/humble/lib/x86_64-linux-gnu:/opt/ros/humble/lib:/usr/local/nvidia/lib:/usr/local/nvidia/lib64'), ('NV_LIBNCCL_PACKAGE_VERSION', '2.17.1-1'), ('HOME', '/home/ur5e_user'), ('CC_FOR_BUILD', '/opt/miniconda3/envs/ur5e_vlm_environment/bin/x86_64-conda-linux-gnu-cc'), ('CONDA_SHLVL', '2'), ('OLDPWD', '/home/ur5e_user/workspace'), ('NV_LIBCUBLAS_DEV_VERSION', '12.1.0.26-1'), ('CONDA_TOOLCHAIN_BUILD', 'x86_64-conda-linux-gnu'), ('ROS_PYTHON_VERSION', '3'), ('LDFLAGS', '-Wl,-O2 -Wl,--sort-common -Wl,--as-needed -Wl,-z,relro -Wl,-z,now -Wl,--disable-new-dtags -Wl,--gc-sections -Wl,--allow-shlib-undefined -Wl,-rpath,/opt/miniconda3/envs/ur5e_vlm_environment/lib -Wl,-rpath-link,/opt/miniconda3/envs/ur5e_vlm_environment/lib -L/opt/miniconda3/envs/ur5e_vlm_environment/lib'), ('STRINGS', '/opt/miniconda3/envs/ur5e_vlm_environment/bin/x86_64-conda-linux-gnu-strings'), ('NV_LIBNCCL_DEV_PACKAGE_VERSION', '2.17.1-1'), ('_CE_M', ''), ('CPP', '/opt/miniconda3/envs/ur5e_vlm_environment/bin/x86_64-conda-linux-gnu-cpp'), ('NV_LIBNPP_PACKAGE', 'libnpp-12-1=12.0.2.50-1'), ('CUDA_VERSION', '12.1.0'), ('ELFEDIT', '/opt/miniconda3/envs/ur5e_vlm_environment/bin/x86_64-conda-linux-gnu-elfedit'), ('COLCON_PREFIX_PATH', '/home/ur5e_user/workspace/install'), ('NV_NVPROF_VERSION', '12.1.55-1'), ('STRIP', '/opt/miniconda3/envs/ur5e_vlm_environment/bin/x86_64-conda-linux-gnu-strip'), ('ROS_DISTRO', 'humble'), ('NV_LIBCUBLAS_PACKAGE_NAME', 'libcublas-12-1'), ('GCC', '/opt/miniconda3/envs/ur5e_vlm_environment/bin/x86_64-conda-linux-gnu-gcc'), ('NVIDIA_REQUIRE_CUDA', 'cuda>=12.1 brand=tesla,driver>=470,driver<471 brand=unknown,driver>=470,driver<471 brand=nvidia,driver>=470,driver<471 brand=nvidiartx,driver>=470,driver<471 brand=geforce,driver>=470,driver<471 brand=geforcertx,driver>=470,driver<471 brand=quadro,driver>=470,driver<471 brand=quadrortx,driver>=470,driver<471 brand=titan,driver>=470,driver<471 brand=titanrtx,driver>=470,driver<471 brand=tesla,driver>=525,driver<526 brand=unknown,driver>=525,driver<526 brand=nvidia,driver>=525,driver<526 brand=nvidiartx,driver>=525,driver<526 brand=geforce,driver>=525,driver<526 brand=geforcertx,driver>=525,driver<526 brand=quadro,driver>=525,driver<526 brand=quadrortx,driver>=525,driver<526 brand=titan,driver>=525,driver<526 brand=titanrtx,driver>=525,driver<526'), ('_', '/usr/bin/colcon'), ('ROS_VERSION', '2'), ('NV_LIBCUSPARSE_VERSION', '12.0.2.55-1'), ('NVIDIA_DRIVER_CAPABILITIES', 'all'), ('READELF', '/opt/miniconda3/envs/ur5e_vlm_environment/bin/x86_64-conda-linux-gnu-readelf'), ('AR', '/opt/miniconda3/envs/ur5e_vlm_environment/bin/x86_64-conda-linux-gnu-ar'), ('NV_CUDA_LIB_VERSION', '12.1.0-1'), ('NV_LIBNCCL_PACKAGE_NAME', 'libnccl2'), ('NV_NVML_DEV_VERSION', '12.1.55-1'), ('NV_LIBNPP_DEV_PACKAGE', 'libnpp-dev-12-1=12.0.2.50-1'), ('GXX', '/opt/miniconda3/envs/ur5e_vlm_environment/bin/x86_64-conda-linux-gnu-g++'), ('TERM', 'xterm'), ('AS', '/opt/miniconda3/envs/ur5e_vlm_environment/bin/x86_64-conda-linux-gnu-as'), ('NV_CUDA_CUDART_VERSION', '12.1.55-1'), ('_CE_CONDA', ''), ('ROS_LOCALHOST_ONLY', '0'), ('CXXFILT', '/opt/miniconda3/envs/ur5e_vlm_environment/bin/x86_64-conda-linux-gnu-c++filt'), ('BUILD', 'x86_64-conda-linux-gnu'), ('QT_X11_NO_MITSHM', '1'), ('PATH', '/opt/miniconda3/envs/ur5e_vlm_environment/bin:/opt/miniconda3/condabin:/opt/ros/humble/bin:/opt/miniconda3/bin:/usr/local/nvidia/bin:/usr/local/cuda/bin:/usr/local/sbin:/usr/local/bin:/usr/sbin:/usr/bin:/sbin:/bin'), ('NV_LIBCUBLAS_DEV_PACKAGE_NAME', 'libcublas-dev-12-1'), ('NV_LIBCUBLAS_PACKAGE', 'libcublas-12-1=12.1.0.26-1'), ('NVARCH', 'x86_64'), ('PROJ_NETWORK', 'ON'), ('build_alias', 'x86_64-conda-linux-gnu'), ('PROJ_DATA', '/opt/miniconda3/envs/ur5e_vlm_environment/share/proj'), ('CFLAGS', '-march=nocona -mtune=haswell -ftree-vectorize -fPIC -fstack-protector-strong -fno-plt -O2 -ffunction-sections -pipe -isystem /opt/miniconda3/envs/ur5e_vlm_environment/include'), ('NV_LIBNCCL_DEV_PACKAGE_NAME', 'libnccl-dev'), ('GCC_AR', '/opt/miniconda3/envs/ur5e_vlm_environment/bin/x86_64-conda-linux-gnu-gcc-ar'), ('NV_LIBCUSPARSE_DEV_VERSION', '12.0.2.55-1'), ('DISPLAY', ':1'), ('NV_LIBNCCL_PACKAGE', 'libnccl2=2.17.1-1+cuda12.1'), ('NVIDIA_PRODUCT_NAME', 'CUDA'), ('LANG', 'en_US.UTF-8'), ('DEBUG_CFLAGS', '-march=nocona -mtune=haswell -ftree-vectorize -fPIC -fstack-protector-all -fno-plt -Og -g -Wall -Wextra -fvar-tracking-assignments -ffunction-sections -pipe -isystem /opt/miniconda3/envs/ur5e_vlm_environment/include'), ('CONDA_PREFIX_1', '/opt/miniconda3'), ('RMW_IMPLEMENTATION', 'rmw_fastrtps_cpp'), ('_CONDA_PYTHON_SYSCONFIGDATA_NAME', '_sysconfigdata_x86_64_conda_linux_gnu'), ('NV_CUDA_CUDART_DEV_VERSION', '12.1.55-1'), ('MESON_ARGS', '-Dbuildtype=release'), ('LS_COLORS', 'rs=0:di=01;34:ln=01;36:mh=00:pi=40;33:so=01;35:do=01;35:bd=40;33;01:cd=40;33;01:or=40;31;01:mi=00:su=37;41:sg=30;43:ca=30;41:tw=30;42:ow=34;42:st=37;44:ex=01;32:*.tar=01;31:*.tgz=01;31:*.arc=01;31:*.arj=01;31:*.taz=01;31:*.lha=01;31:*.lz4=01;31:*.lzh=01;31:*.lzma=01;31:*.tlz=01;31:*.txz=01;31:*.tzo=01;31:*.t7z=01;31:*.zip=01;31:*.z=01;31:*.dz=01;31:*.gz=01;31:*.lrz=01;31:*.lz=01;31:*.lzo=01;31:*.xz=01;31:*.zst=01;31:*.tzst=01;31:*.bz2=01;31:*.bz=01;31:*.tbz=01;31:*.tbz2=01;31:*.tz=01;31:*.deb=01;31:*.rpm=01;31:*.jar=01;31:*.war=01;31:*.ear=01;31:*.sar=01;31:*.rar=01;31:*.alz=01;31:*.ace=01;31:*.zoo=01;31:*.cpio=01;31:*.7z=01;31:*.rz=01;31:*.cab=01;31:*.wim=01;31:*.swm=01;31:*.dwm=01;31:*.esd=01;31:*.jpg=01;35:*.jpeg=01;35:*.mjpg=01;35:*.mjpeg=01;35:*.gif=01;35:*.bmp=01;35:*.pbm=01;35:*.pgm=01;35:*.ppm=01;35:*.tga=01;35:*.xbm=01;35:*.xpm=01;35:*.tif=01;35:*.tiff=01;35:*.png=01;35:*.svg=01;35:*.svgz=01;35:*.mng=01;35:*.pcx=01;35:*.mov=01;35:*.mpg=01;35:*.mpeg=01;35:*.m2v=01;35:*.mkv=01;35:*.webm=01;35:*.webp=01;35:*.ogm=01;35:*.mp4=01;35:*.m4v=01;35:*.mp4v=01;35:*.vob=01;35:*.qt=01;35:*.nuv=01;35:*.wmv=01;35:*.asf=01;35:*.rm=01;35:*.rmvb=01;35:*.flc=01;35:*.avi=01;35:*.fli=01;35:*.flv=01;35:*.gl=01;35:*.dl=01;35:*.xcf=01;35:*.xwd=01;35:*.yuv=01;35:*.cgm=01;35:*.emf=01;35:*.ogv=01;35:*.ogx=01;35:*.aac=00;36:*.au=00;36:*.flac=00;36:*.m4a=00;36:*.mid=00;36:*.midi=00;36:*.mka=00;36:*.mp3=00;36:*.mpc=00;36:*.ogg=00;36:*.ra=00;36:*.wav=00;36:*.oga=00;36:*.opus=00;36:*.spx=00;36:*.xspf=00;36:'), ('XML_CATALOG_FILES', 'file:///opt/miniconda3/envs/ur5e_vlm_environment/etc/xml/catalog file:///etc/xml/catalog'), ('GSETTINGS_SCHEMA_DIR', '/opt/miniconda3/envs/ur5e_vlm_environment/share/glib-2.0/schemas'), ('ROS_DOMAIN_ID', '0'), ('AMENT_PREFIX_PATH', '/opt/ros/humble'), ('CPPFLAGS', '-DNDEBUG -D_FORTIFY_SOURCE=2 -O2 -isystem /opt/miniconda3/envs/ur5e_vlm_environment/include'), ('CONDA_PYTHON_EXE', '/opt/miniconda3/bin/python'), ('DEBIAN_FRONTEND', 'noninteractive'), ('CMAKE_ARGS', '-DCMAKE_AR=/opt/miniconda3/envs/ur5e_vlm_environment/bin/x86_64-conda-linux-gnu-ar -DCMAKE_CXX_COMPILER_AR=/opt/miniconda3/envs/ur5e_vlm_environment/bin/x86_64-conda-linux-gnu-gcc-ar -DCMAKE_C_COMPILER_AR=/opt/miniconda3/envs/ur5e_vlm_environment/bin/x86_64-conda-linux-gnu-gcc-ar -DCMAKE_RANLIB=/opt/miniconda3/envs/ur5e_vlm_environment/bin/x86_64-conda-linux-gnu-ranlib -DCMAKE_CXX_COMPILER_RANLIB=/opt/miniconda3/envs/ur5e_vlm_environment/bin/x86_64-conda-linux-gnu-gcc-ranlib -DCMAKE_C_COMPILER_RANLIB=/opt/miniconda3/envs/ur5e_vlm_environment/bin/x86_64-conda-linux-gnu-gcc-ranlib -DCMAKE_LINKER=/opt/miniconda3/envs/ur5e_vlm_environment/bin/x86_64-conda-linux-gnu-ld -DCMAKE_STRIP=/opt/miniconda3/envs/ur5e_vlm_environment/bin/x86_64-conda-linux-gnu-strip -DCMAKE_BUILD_TYPE=Release'), ('NV_LIBCUBLAS_DEV_PACKAGE', 'libcublas-dev-12-1=12.1.0.26-1'), ('HOST', 'x86_64-conda-linux-gnu'), ('CXX', '/opt/miniconda3/envs/ur5e_vlm_environment/bin/x86_64-conda-linux-gnu-c++'), ('NV_CUDA_NSIGHT_COMPUTE_DEV_PACKAGE', 'cuda-nsight-compute-12-1=12.1.0-1'), ('DEBUG_CPPFLAGS', '-D_DEBUG -D_FORTIFY_SOURCE=2 -Og -isystem /opt/miniconda3/envs/ur5e_vlm_environment/include'), ('NV_LIBNCCL_DEV_PACKAGE', 'libnccl-dev=2.17.1-1+cuda12.1'), ('LESSCLOSE', '/usr/bin/lesspipe %s %s'), ('CONDA_DEFAULT_ENV', 'ur5e_vlm_environment'), ('NV_NVTX_VERSION', '12.1.66-1'), ('NV_LIBNPP_VERSION', '12.0.2.50-1'), ('ADDR2LINE', '/opt/miniconda3/envs/ur5e_vlm_environment/bin/x86_64-conda-linux-gnu-addr2line'), ('GCC_NM', '/opt/miniconda3/envs/ur5e_vlm_environment/bin/x86_64-conda-linux-gnu-gcc-nm'), ('CONDA_BUILD_SYSROOT', '/opt/miniconda3/envs/ur5e_vlm_environment/x86_64-conda-linux-gnu/sysroot'), ('PWD', '/home/ur5e_user/workspace/build/unified_vision_system'), ('LC_ALL', 'en_US.UTF-8'), ('CONDA_EXE', '/opt/miniconda3/bin/conda'), ('LD', '/opt/miniconda3/envs/ur5e_vlm_environment/bin/x86_64-conda-linux-gnu-ld'), ('PYTHONPATH', '/opt/ros/humble/lib/python3.10/site-packages:/opt/ros/humble/local/lib/python3.10/dist-packages'), ('NVIDIA_VISIBLE_DEVICES', 'all'), ('GPROF', '/opt/miniconda3/envs/ur5e_vlm_environment/bin/x86_64-conda-linux-gnu-gprof'), ('NCCL_VERSION', '2.17.1-1'), ('CONDA_PREFIX', '/opt/miniconda3/envs/ur5e_vlm_environment'), ('GSETTINGS_SCHEMA_DIR_CONDA_BACKUP', ''), ('TZ', 'America/Toronto'), ('CONDA_TOOLCHAIN_HOST', 'x86_64-conda-linux-gnu'), ('host_alias', 'x86_64-conda-linux-gnu'), ('CC', '/opt/miniconda3/envs/ur5e_vlm_environment/bin/x86_64-conda-linux-gnu-cc'), ('RANLIB', '/opt/miniconda3/envs/ur5e_vlm_environment/bin/x86_64-conda-linux-gnu-ranlib'), ('MKL_INTERFACE_LAYER', 'LP64,GNU'), ('COLCON', '1'), ('CXX_FOR_BUILD', '/opt/miniconda3/envs/ur5e_vlm_environment/bin/x86_64-conda-linux-gnu-c++'), ('NV_LIBNPP_DEV_VERSION', '12.0.2.50-1'), ('CMAKE_PREFIX_PATH', '/opt/miniconda3/envs/ur5e_vlm_environment:/opt/miniconda3/envs/ur5e_vlm_environment/x86_64-conda-linux-gnu/sysroot/usr'), ('NM', '/opt/miniconda3/envs/ur5e_vlm_environment/bin/x86_64-conda-linux-gnu-nm'), ('OBJDUMP', '/opt/miniconda3/envs/ur5e_vlm_environment/bin/x86_64-conda-linux-gnu-objdump')]), 'shell': False}
[0.034294] (unified_vision_system) StderrLine: {'line': b'\x1b[0mCMake Deprecation Warning at CMakeLists.txt:1 (cmake_minimum_required):\n'}
[0.034696] (unified_vision_system) StderrLine: {'line': b'  Compatibility with CMake < 3.10 will be removed from a future version of\n'}
[0.034827] (unified_vision_system) StderrLine: {'line': b'  CMake.\n'}
[0.034944] (unified_vision_system) StderrLine: {'line': b'\n'}
[0.035054] (unified_vision_system) StderrLine: {'line': b'  Update the VERSION argument <min> value.  Or, use the <min>...<max> syntax\n'}
[0.035121] (unified_vision_system) StderrLine: {'line': b'  to tell CMake that the project requires at least <min> but has been updated\n'}
[0.035185] (unified_vision_system) StderrLine: {'line': b'  to work with policies introduced by <max> or earlier.\n'}
[0.035260] (unified_vision_system) StderrLine: {'line': b'\n'}
[0.035335] (unified_vision_system) StderrLine: {'line': b'\x1b[0m\n'}
[0.045502] (unified_vision_system) StdoutLine: {'line': b'-- Found ament_cmake: 1.3.12 (/opt/ros/humble/share/ament_cmake/cmake)\n'}
[0.098979] (-) TimerEvent: {}
[0.199539] (-) TimerEvent: {}
[0.299991] (-) TimerEvent: {}
[0.347671] (unified_vision_system) StderrLine: {'line': b"Error parsing '/home/ur5e_user/workspace/vision/package.xml':\n"}
[0.347961] (unified_vision_system) StderrLine: {'line': b'Traceback (most recent call last):\n'}
[0.348065] (unified_vision_system) StderrLine: {'line': b'  File "/home/ur5e_user/.local/lib/python3.11/site-packages/catkin_pkg/package.py", line 610, in parse_package_string\n'}
[0.348169] (unified_vision_system) StderrLine: {'line': b'    root = dom.parseString(data)\n'}
[0.348336] (unified_vision_system) StderrLine: {'line': b'           ^^^^^^^^^^^^^^^^^^^^^\n'}
[0.348375] (unified_vision_system) StderrLine: {'line': b'  File "/opt/miniconda3/envs/ur5e_vlm_environment/lib/python3.11/xml/dom/minidom.py", line 2000, in parseString\n'}
[0.348414] (unified_vision_system) StderrLine: {'line': b'    return expatbuilder.parseString(string)\n'}
[0.348442] (unified_vision_system) StderrLine: {'line': b'           ^^^^^^^^^^^^^^^^^^^^^^^^^^^^^^^^\n'}
[0.348472] (unified_vision_system) StderrLine: {'line': b'  File "/opt/miniconda3/envs/ur5e_vlm_environment/lib/python3.11/xml/dom/expatbuilder.py", line 925, in parseString\n'}
[0.348546] (unified_vision_system) StderrLine: {'line': b'    return builder.parseString(string)\n'}
[0.348596] (unified_vision_system) StderrLine: {'line': b'           ^^^^^^^^^^^^^^^^^^^^^^^^^^^\n'}
[0.348654] (unified_vision_system) StderrLine: {'line': b'  File "/opt/miniconda3/envs/ur5e_vlm_environment/lib/python3.11/xml/dom/expatbuilder.py", line 223, in parseString\n'}
[0.348683] (unified_vision_system) StderrLine: {'line': b'    parser.Parse(string, True)\n'}
[0.348711] (unified_vision_system) StderrLine: {'line': b'xml.parsers.expat.ExpatError: not well-formed (invalid token): line 1, column 1\n'}
[0.348755] (unified_vision_system) StderrLine: {'line': b'\n'}
[0.348784] (unified_vision_system) StderrLine: {'line': b'During handling of the above exception, another exception occurred:\n'}
[0.348818] (unified_vision_system) StderrLine: {'line': b'\n'}
[0.348848] (unified_vision_system) StderrLine: {'line': b'Traceback (most recent call last):\n'}
[0.348875] (unified_vision_system) StderrLine: {'line': b'  File "/opt/ros/humble/share/ament_cmake_core/cmake/core/package_xml_2_cmake.py", line 150, in <module>\n'}
[0.348903] (unified_vision_system) StderrLine: {'line': b'    main()\n'}
[0.348932] (unified_vision_system) StderrLine: {'line': b'  File "/opt/ros/humble/share/ament_cmake_core/cmake/core/package_xml_2_cmake.py", line 53, in main\n'}
[0.348960] (unified_vision_system) StderrLine: {'line': b'    raise e\n'}
[0.348988] (unified_vision_system) StderrLine: {'line': b'  File "/opt/ros/humble/share/ament_cmake_core/cmake/core/package_xml_2_cmake.py", line 49, in main\n'}
[0.349015] (unified_vision_system) StderrLine: {'line': b'    package = parse_package_string(\n'}
[0.349041] (unified_vision_system) StderrLine: {'line': b'              ^^^^^^^^^^^^^^^^^^^^^\n'}
[0.349068] (unified_vision_system) StderrLine: {'line': b'  File "/home/ur5e_user/.local/lib/python3.11/site-packages/catkin_pkg/package.py", line 612, in parse_package_string\n'}
[0.349096] (unified_vision_system) StderrLine: {'line': b"    raise InvalidPackage('The manifest contains invalid XML:\\n%s' % ex, filename)\n"}
[0.349123] (unified_vision_system) StderrLine: {'line': b"catkin_pkg.package.InvalidPackage: Error(s) in package '/home/ur5e_user/workspace/vision/package.xml':\n"}
[0.349160] (unified_vision_system) StderrLine: {'line': b'The manifest contains invalid XML:\n'}
[0.349187] (unified_vision_system) StderrLine: {'line': b'not well-formed (invalid token): line 1, column 1\n'}
[0.359102] (unified_vision_system) StderrLine: {'line': b'\x1b[31mCMake Error at /opt/ros/humble/share/ament_cmake_core/cmake/core/ament_package_xml.cmake:95 (message):\n'}
[0.359322] (unified_vision_system) StderrLine: {'line': b'  execute_process(/opt/miniconda3/envs/ur5e_vlm_environment/bin/python3\n'}
[0.359468] (unified_vision_system) StderrLine: {'line': b'  /opt/ros/humble/share/ament_cmake_core/cmake/core/package_xml_2_cmake.py\n'}
[0.359554] (unified_vision_system) StderrLine: {'line': b'  /home/ur5e_user/workspace/vision/package.xml\n'}
[0.359631] (unified_vision_system) StderrLine: {'line': b'  /home/ur5e_user/workspace/build/unified_vision_system/ament_cmake_core/package.cmake)\n'}
[0.359703] (unified_vision_system) StderrLine: {'line': b'  returned error code 1\n'}
[0.359770] (unified_vision_system) StderrLine: {'line': b'Call Stack (most recent call first):\n'}
[0.359835] (unified_vision_system) StderrLine: {'line': b'  /opt/ros/humble/share/ament_cmake_core/cmake/core/ament_package_xml.cmake:49 (_ament_package_xml)\n'}
[0.359905] (unified_vision_system) StderrLine: {'line': b'  /opt/ros/humble/share/ament_cmake_python/cmake/ament_python_install_package.cmake:60 (ament_package_xml)\n'}
[0.360003] (unified_vision_system) StderrLine: {'line': b'  /opt/ros/humble/share/ament_cmake_python/cmake/ament_python_install_package.cmake:39 (_ament_cmake_python_install_package)\n'}
[0.360092] (unified_vision_system) StderrLine: {'line': b'  CMakeLists.txt:8 (ament_python_install_package)\n'}
[0.360159] (unified_vision_system) StderrLine: {'line': b'\n'}
[0.360226] (unified_vision_system) StderrLine: {'line': b'\x1b[0m\n'}
[0.360307] (unified_vision_system) StdoutLine: {'line': b'-- Configuring incomplete, errors occurred!\n'}
[0.363791] (unified_vision_system) CommandEnded: {'returncode': 1}
[0.364492] (unified_vision_system) JobEnded: {'identifier': 'unified_vision_system', 'rc': 1}
[0.375228] (-) EventReactorShutdown: {}
