[0.009s] Invoking command in '/home/ur5e_user/workspace/build/unified_vision_system': CMAKE_PREFIX_PATH=/opt/ros/humble /usr/bin/cmake /home/ur5e_user/workspace/vision -DAMENT_CMAKE_SYMLINK_INSTALL=1 -DCMAKE_INSTALL_PREFIX=/home/ur5e_user/workspace/install/unified_vision_system
[0.171s] -- The C compiler identification is GNU 15.1.0
[0.360s] -- The CXX compiler identification is GNU 15.1.0
[0.370s] -- Detecting C compiler ABI info
[0.445s] -- Detecting C compiler ABI info - done
[0.450s] -- Check for working C compiler: /opt/miniconda3/envs/ur5e_vlm_environment/bin/x86_64-conda-linux-gnu-cc - skipped
[0.450s] -- Detecting C compile features
[0.451s] -- Detecting C compile features - done
[0.454s] -- Detecting CXX compiler ABI info
[0.538s] -- Detecting CXX compiler ABI info - done
[0.545s] -- Check for working CXX compiler: /opt/miniconda3/envs/ur5e_vlm_environment/bin/x86_64-conda-linux-gnu-c++ - skipped
[0.545s] -- Detecting CXX compile features
[0.545s] -- Detecting CXX compile features - done
[0.546s] -- Found ament_cmake: 1.3.12 (/opt/ros/humble/share/ament_cmake/cmake)
[0.590s] -- Found Python3: /opt/miniconda3/envs/ur5e_vlm_environment/bin/python3 (found version "3.11.13") found components: Interpreter 
[0.642s] -- Override CMake install command with custom implementation using symlinks instead of copying resources
[0.803s] -- Configuring done
[0.808s] -- Generating done
[0.810s] -- Build files have been written to: /home/ur5e_user/workspace/build/unified_vision_system
[0.814s] Invoked command in '/home/ur5e_user/workspace/build/unified_vision_system' returned '0': CMAKE_PREFIX_PATH=/opt/ros/humble /usr/bin/cmake /home/ur5e_user/workspace/vision -DAMENT_CMAKE_SYMLINK_INSTALL=1 -DCMAKE_INSTALL_PREFIX=/home/ur5e_user/workspace/install/unified_vision_system
[0.815s] Invoking command in '/home/ur5e_user/workspace/build/unified_vision_system': CMAKE_PREFIX_PATH=/opt/ros/humble /usr/bin/cmake --build /home/ur5e_user/workspace/build/unified_vision_system -- -j12 -l12
[0.858s] failed to create symbolic link '/home/ur5e_user/workspace/build/unified_vision_system/ament_cmake_python/unified_vision_system/unified_vision_system' because existing path cannot be removed: Is a directory
[0.859s] gmake[2]: *** [CMakeFiles/ament_cmake_python_symlink_unified_vision_system.dir/build.make:70: CMakeFiles/ament_cmake_python_symlink_unified_vision_system] Error 1
[0.859s] gmake[1]: *** [CMakeFiles/Makefile2:138: CMakeFiles/ament_cmake_python_symlink_unified_vision_system.dir/all] Error 2
[0.859s] gmake: *** [Makefile:146: all] Error 2
[0.861s] Invoked command in '/home/ur5e_user/workspace/build/unified_vision_system' returned '2': CMAKE_PREFIX_PATH=/opt/ros/humble /usr/bin/cmake --build /home/ur5e_user/workspace/build/unified_vision_system -- -j12 -l12
